<?xml version="1.0" encoding="UTF-8"?>
<!-- Generated by org.testng.reporters.JUnitReportReporter -->
<testsuite hostname="DESKTOP-C2S5MS9" failures="0" tests="1" name="Simple.FirstTest" time="6.958" errors="0" timestamp="2023-07-12T15:18:31 IST" skipped="0">
  <testcase classname="Simple.FirstTest" name="verifyURl" time="6.958"/>
  <system-out/>
</testsuite> <!-- Simple.FirstTest -->
